c:\users\dmunteanu.ausynet\downloads\car__exercise\car__exercise\x64\debug\vc145.pdb
c:\users\dmunteanu.ausynet\downloads\car__exercise\car__exercise\x64\debug\vc145.idb
c:\users\dmunteanu.ausynet\downloads\car__exercise\car__exercise\x64\debug\vehicleutils.obj
c:\users\dmunteanu.ausynet\downloads\car__exercise\car__exercise\x64\debug\sportscar.obj
c:\users\dmunteanu.ausynet\downloads\car__exercise\car__exercise\x64\debug\observer.obj
c:\users\dmunteanu.ausynet\downloads\car__exercise\car__exercise\x64\debug\electriccar.obj
c:\users\dmunteanu.ausynet\downloads\car__exercise\car__exercise\x64\debug\car.obj
c:\users\dmunteanu.ausynet\downloads\car__exercise\car__exercise\x64\debug\sport_car_unit_test.obj
c:\users\dmunteanu.ausynet\downloads\car__exercise\car__exercise\x64\debug\main.obj
c:\users\dmunteanu.ausynet\downloads\car__exercise\x64\debug\car__exercise.exe
c:\users\dmunteanu.ausynet\downloads\car__exercise\x64\debug\car__exercise.pdb
c:\users\dmunteanu.ausynet\downloads\car__exercise\car__exercise\x64\debug\car__exercise.ilk
c:\users\dmunteanu.ausynet\downloads\car__exercise\car__exercise\x64\debug\car__exercise.tlog\cl.command.1.tlog
c:\users\dmunteanu.ausynet\downloads\car__exercise\car__exercise\x64\debug\car__exercise.tlog\cl.items.tlog
c:\users\dmunteanu.ausynet\downloads\car__exercise\car__exercise\x64\debug\car__exercise.tlog\cl.read.1.tlog
c:\users\dmunteanu.ausynet\downloads\car__exercise\car__exercise\x64\debug\car__exercise.tlog\cl.write.1.tlog
c:\users\dmunteanu.ausynet\downloads\car__exercise\car__exercise\x64\debug\car__exercise.tlog\link.command.1.tlog
c:\users\dmunteanu.ausynet\downloads\car__exercise\car__exercise\x64\debug\car__exercise.tlog\link.read.1.tlog
c:\users\dmunteanu.ausynet\downloads\car__exercise\car__exercise\x64\debug\car__exercise.tlog\link.secondary.1.tlog
c:\users\dmunteanu.ausynet\downloads\car__exercise\car__exercise\x64\debug\car__exercise.tlog\link.write.1.tlog
